<?xml version="1.0" encoding="utf-8" standalone="no"?>
<test-results xmlns:xsi="http://www.w3.org/2001/XMLSchema-instance" xsi:noNamespaceSchemaLocation="nunit_schema_2.5.xsd" name="Pester" total="1" errors="0" failures="1" not-run="0" inconclusive="0" ignored="0" skipped="0" invalid="0" date="2025-12-19" time="00:48:40">
  <environment platform="Microsoft Windows 11 Home|C:\WINDOWS|\Device\Harddisk1\Partition3" user="junior" os-version="10.0.26100" clr-version="" user-domain="VALX" nunit-version="2.5.8.0" machine-name="VALX" cwd="C:\Users\junio\Desktop\Powershell Intermediates\5 - PESTER" />
  <culture-info current-culture="en-US" current-uiculture="en-US" />
  <test-suite type="Powershell" name="Pester" executed="True" result="Failure" success="False" time="0.4838" asserts="0">
    <results>
      <test-suite type="TestFixture" name="Checking deployment" executed="True" result="Failure" success="False" time="0.4838" asserts="0" description="Checking deployment">
        <results>
          <test-case description="Making sure the print spooler is Stopped" name="Checking deployment.Making sure the print spooler is Stopped" time="0.4838" asserts="0" success="False" result="Failure" executed="True">
            <failure>
              <message>String lengths are both 7. Strings differ at index 0.
Expected: {Stopped}
But was:  {Running}
-----------^</message>
              <stack-trace>at line: 15 in C:\Users\junio\Desktop\Powershell Intermediates\5 - PESTER\pestertest.ps1
15:             $Service.status | Should be 'Stopped'
</stack-trace>
            </failure>
          </test-case>
        </results>
      </test-suite>
    </results>
  </test-suite>
</test-results>